<?xml version="1.0" encoding="UTF-8"?>
<!-- Generated by org.testng.reporters.JUnitXMLReporter -->
<testsuite hostname="SHRI" ignored="0" name="Login functionality for invalid uname and valid password" tests="6" failures="0" timestamp="26 Feb 2019 06:30:49 GMT" time="37.835" errors="0">
  <testcase name="user_opens_the_browser" time="26.493" classname="Temp.Temp_Login"/>
  <testcase name="user_enter_the_url" time="4.744" classname="Temp.Temp_Login"/>
  <testcase name="user_is_on_the_application_login_page" time="2.127" classname="Temp.Temp_Login"/>
  <testcase name="user_enters_as_username" time="1.033" classname="Temp.Temp_Login"/>
  <testcase name="user_enters_as_password" time="1.231" classname="Temp.Temp_Login"/>
  <testcase name="user_clicks_on_login_button" time="2.175" classname="Temp.Temp_Login"/>
</testsuite> <!-- Login functionality for invalid uname and valid password -->
