<?xml version="1.0" encoding="UTF-8"?>
<!-- Generated by org.testng.reporters.JUnitXMLReporter -->
<testsuite hostname="SHRI" ignored="0" name="Login functionality" tests="6" failures="0" timestamp="26 Feb 2019 06:06:54 GMT" time="169.331" errors="0">
  <testcase name="user_opens_the_browser" time="57.149" classname="Temp.Temp_Login"/>
  <testcase name="user_enter_the_url" time="30.893" classname="Temp.Temp_Login"/>
  <testcase name="user_is_on_the_application_login_page" time="2.257" classname="Temp.Temp_Login"/>
  <testcase name="user_enters_as_username" time="1.42" classname="Temp.Temp_Login"/>
  <testcase name="user_enters_as_password" time="1.147" classname="Temp.Temp_Login"/>
  <testcase name="user_clicks_on_login_button" time="76.111" classname="Temp.Temp_Login"/>
</testsuite> <!-- Login functionality -->
