<?xml version="1.0" encoding="UTF-8"?>
<!-- Generated by org.testng.reporters.JUnitXMLReporter -->
<testsuite hostname="SHRI" ignored="0" name="verify addition and multiplication of 2 numbers" tests="2" failures="1" timestamp="25 Feb 2019 05:54:11 GMT" time="0.061" errors="0">
  <testcase name="Add" time="0.007" classname="Temp.MathA"/>
  <testcase name="multiplication" time="0.002" classname="Temp.MathB">
    <failure type="java.lang.AssertionError" message="expected [100] but found [144]">
      <![CDATA[java.lang.AssertionError: expected [100] but found [144]
at Temp.MathB.multiplication(MathB.java:15)
... Removed 31 stack frames]]>
    </failure>
  </testcase> <!-- multiplication -->
</testsuite> <!-- verify addition and multiplication of 2 numbers -->
